# JRE version: Java(TM) SE Runtime Environment (8.0_144-b01) (build 1.8.0_144-b01)
# Java VM: Java HotSpot(TM) 64-Bit Server VM (25.144-b01 mixed mode windows-amd64 compressed oops)
Heap:
 PSYoungGen      total 252416K, used 197794K [0x0000000740900000, 0x0000000751680000, 0x00000007c0000000)
  eden space 240128K, 77% used [0x0000000740900000,0x000000074bea3518,0x000000074f380000)
  from space 12288K, 96% used [0x0000000750a80000,0x0000000751605498,0x0000000751680000)
  to   space 15872K, 0% used [0x000000074f780000,0x000000074f780000,0x0000000750700000)
 ParOldGen       total 202752K, used 18691K [0x0000000641a00000, 0x000000064e000000, 0x0000000740900000)
  object space 202752K, 9% used [0x0000000641a00000,0x0000000642c40c10,0x000000064e000000)
 Metaspace       used 50658K, capacity 51926K, committed 52096K, reserved 1095680K
  class space    used 6929K, capacity 7288K, committed 7296K, reserved 1048576K
GC Heap History (10 events):
Event: 4.154 GC heap before
{Heap before GC invocations=4 (full 1):
 PSYoungGen      total 114688K, used 98304K [0x0000000740900000, 0x000000074e900000, 0x00000007c0000000)
  eden space 98304K, 100% used [0x0000000740900000,0x0000000746900000,0x0000000746900000)
  from space 16384K, 0% used [0x0000000747900000,0x0000000747900000,0x0000000748900000)
  to   space 16384K, 0% used [0x0000000746900000,0x0000000746900000,0x0000000747900000)
 ParOldGen       total 153088K, used 10040K [0x0000000641a00000, 0x000000064af80000, 0x0000000740900000)
  object space 153088K, 6% used [0x0000000641a00000,0x00000006423ce0d0,0x000000064af80000)
 Metaspace       used 27261K, capacity 27734K, committed 28032K, reserved 1073152K
  class space    used 3771K, capacity 3928K, committed 3968K, reserved 1048576K
Event: 4.161 GC heap after
Heap after GC invocations=4 (full 1):
 PSYoungGen      total 114688K, used 8581K [0x0000000740900000, 0x000000074b700000, 0x00000007c0000000)
  eden space 98304K, 0% used [0x0000000740900000,0x0000000740900000,0x0000000746900000)
  from space 16384K, 52% used [0x0000000746900000,0x0000000747161500,0x0000000747900000)
  to   space 16384K, 0% used [0x000000074a700000,0x000000074a700000,0x000000074b700000)
 ParOldGen       total 153088K, used 10112K [0x0000000641a00000, 0x000000064af80000, 0x0000000740900000)
  object space 153088K, 6% used [0x0000000641a00000,0x00000006423e00e0,0x000000064af80000)
 Metaspace       used 27261K, capacity 27734K, committed 28032K, reserved 1073152K
  class space    used 3771K, capacity 3928K, committed 3968K, reserved 1048576K
}
Event: 5.909 GC heap before
{Heap before GC invocations=5 (full 1):
 PSYoungGen      total 114688K, used 106885K [0x0000000740900000, 0x000000074b700000, 0x00000007c0000000)
  eden space 98304K, 100% used [0x0000000740900000,0x0000000746900000,0x0000000746900000)
  from space 16384K, 52% used [0x0000000746900000,0x0000000747161500,0x0000000747900000)
  to   space 16384K, 0% used [0x000000074a700000,0x000000074a700000,0x000000074b700000)
 ParOldGen       total 153088K, used 10112K [0x0000000641a00000, 0x000000064af80000, 0x0000000740900000)
  object space 153088K, 6% used [0x0000000641a00000,0x00000006423e00e0,0x000000064af80000)
 Metaspace       used 34397K, capacity 34916K, committed 35328K, reserved 1079296K
  class space    used 4695K, capacity 4826K, committed 4864K, reserved 1048576K
Event: 5.922 GC heap after
Heap after GC invocations=5 (full 1):
 PSYoungGen      total 157696K, used 14725K [0x0000000740900000, 0x000000074b580000, 0x00000007c0000000)
  eden space 142848K, 0% used [0x0000000740900000,0x0000000740900000,0x0000000749480000)
  from space 14848K, 99% used [0x000000074a700000,0x000000074b5617e0,0x000000074b580000)
  to   space 16384K, 0% used [0x0000000749580000,0x0000000749580000,0x000000074a580000)
 ParOldGen       total 153088K, used 10120K [0x0000000641a00000, 0x000000064af80000, 0x0000000740900000)
  object space 153088K, 6% used [0x0000000641a00000,0x00000006423e20e0,0x000000064af80000)
 Metaspace       used 34397K, capacity 34916K, committed 35328K, reserved 1079296K
  class space    used 4695K, capacity 4826K, committed 4864K, reserved 1048576K
}
Event: 6.030 GC heap before
{Heap before GC invocations=6 (full 1):
 PSYoungGen      total 157696K, used 29449K [0x0000000740900000, 0x000000074b580000, 0x00000007c0000000)
  eden space 142848K, 10% used [0x0000000740900000,0x0000000741760f28,0x0000000749480000)
  from space 14848K, 99% used [0x000000074a700000,0x000000074b5617e0,0x000000074b580000)
  to   space 16384K, 0% used [0x0000000749580000,0x0000000749580000,0x000000074a580000)
 ParOldGen       total 153088K, used 10120K [0x0000000641a00000, 0x000000064af80000, 0x0000000740900000)
  object space 153088K, 6% used [0x0000000641a00000,0x00000006423e20e0,0x000000064af80000)
 Metaspace       used 34574K, capacity 35154K, committed 35456K, reserved 1079296K
  class space    used 4726K, capacity 4928K, committed 4992K, reserved 1048576K
Event: 6.043 GC heap after
Heap after GC invocations=6 (full 1):
 PSYoungGen      total 160256K, used 11378K [0x0000000740900000, 0x0000000751b00000, 0x00000007c0000000)
  eden space 143872K, 0% used [0x0000000740900000,0x0000000740900000,0x0000000749580000)
  from space 16384K, 69% used [0x0000000749580000,0x000000074a09ca98,0x000000074a580000)
  to   space 16896K, 0% used [0x0000000750a80000,0x0000000750a80000,0x0000000751b00000)
 ParOldGen       total 153088K, used 10120K [0x0000000641a00000, 0x000000064af80000, 0x0000000740900000)
  object space 153088K, 6% used [0x0000000641a00000,0x00000006423e20e0,0x000000064af80000)
 Metaspace       used 34574K, capacity 35154K, committed 35456K, reserved 1079296K
  class space    used 4726K, capacity 4928K, committed 4992K, reserved 1048576K
}
Event: 6.043 GC heap before
{Heap before GC invocations=7 (full 2):
 PSYoungGen      total 160256K, used 11378K [0x0000000740900000, 0x0000000751b00000, 0x00000007c0000000)
  eden space 143872K, 0% used [0x0000000740900000,0x0000000740900000,0x0000000749580000)
  from space 16384K, 69% used [0x0000000749580000,0x000000074a09ca98,0x000000074a580000)
  to   space 16896K, 0% used [0x0000000750a80000,0x0000000750a80000,0x0000000751b00000)
 ParOldGen       total 153088K, used 10120K [0x0000000641a00000, 0x000000064af80000, 0x0000000740900000)
  object space 153088K, 6% used [0x0000000641a00000,0x00000006423e20e0,0x000000064af80000)
 Metaspace       used 34574K, capacity 35154K, committed 35456K, reserved 1079296K
  class space    used 4726K, capacity 4928K, committed 4992K, reserved 1048576K
Event: 6.096 GC heap after
Heap after GC invocations=7 (full 2):
 PSYoungGen      total 160256K, used 0K [0x0000000740900000, 0x0000000751b00000, 0x00000007c0000000)
  eden space 143872K, 0% used [0x0000000740900000,0x0000000740900000,0x0000000749580000)
  from space 16384K, 0% used [0x0000000749580000,0x0000000749580000,0x000000074a580000)
  to   space 16896K, 0% used [0x0000000750a80000,0x0000000750a80000,0x0000000751b00000)
 ParOldGen       total 202752K, used 18610K [0x0000000641a00000, 0x000000064e000000, 0x0000000740900000)
  object space 202752K, 9% used [0x0000000641a00000,0x0000000642c2cbe8,0x000000064e000000)
 Metaspace       used 34574K, capacity 35154K, committed 35456K, reserved 1079296K
  class space    used 4726K, capacity 4928K, committed 4992K, reserved 1048576K
}
Event: 8.519 GC heap before
{Heap before GC invocations=8 (full 2):
 PSYoungGen      total 160256K, used 143872K [0x0000000740900000, 0x0000000751b00000, 0x00000007c0000000)
  eden space 143872K, 100% used [0x0000000740900000,0x0000000749580000,0x0000000749580000)
  from space 16384K, 0% used [0x0000000749580000,0x0000000749580000,0x000000074a580000)
  to   space 16896K, 0% used [0x0000000750a80000,0x0000000750a80000,0x0000000751b00000)
 ParOldGen       total 202752K, used 18610K [0x0000000641a00000, 0x000000064e000000, 0x0000000740900000)
  object space 202752K, 9% used [0x0000000641a00000,0x0000000642c2cbe8,0x000000064e000000)
 Metaspace       used 44186K, capacity 45110K, committed 45312K, reserved 1087488K
  class space    used 6064K, capacity 6358K, committed 6400K, reserved 1048576K
Event: 8.533 GC heap after
Heap after GC invocations=8 (full 2):
 PSYoungGen      total 252416K, used 11797K [0x0000000740900000, 0x0000000751680000, 0x00000007c0000000)
  eden space 240128K, 0% used [0x0000000740900000,0x0000000740900000,0x000000074f380000)
  from space 12288K, 96% used [0x0000000750a80000,0x0000000751605498,0x0000000751680000)
  to   space 15872K, 0% used [0x000000074f780000,0x000000074f780000,0x0000000750700000)
 ParOldGen       total 202752K, used 18691K [0x0000000641a00000, 0x000000064e000000, 0x0000000740900000)
  object space 202752K, 9% used [0x0000000641a00000,0x0000000642c40c10,0x000000064e000000)
 Metaspace       used 44186K, capacity 45110K, committed 45312K, reserved 1087488K
  class space    used 6064K, capacity 6358K, committed 6400K, reserved 1048576K
}

