# JRE version: Java(TM) SE Runtime Environment (8.0_144-b01) (build 1.8.0_144-b01)
# Java VM: Java HotSpot(TM) 64-Bit Server VM (25.144-b01 mixed mode windows-amd64 compressed oops)
Heap:
 PSYoungGen      total 163840K, used 21256K [0x0000000740900000, 0x0000000751e00000, 0x00000007c0000000)
  eden space 147456K, 14% used [0x0000000740900000,0x0000000741dc22f0,0x0000000749900000)
  from space 16384K, 0% used [0x0000000749900000,0x0000000749900000,0x000000074a900000)
  to   space 16384K, 0% used [0x0000000750e00000,0x0000000750e00000,0x0000000751e00000)
 ParOldGen       total 211968K, used 19119K [0x0000000641a00000, 0x000000064e900000, 0x0000000740900000)
  object space 211968K, 9% used [0x0000000641a00000,0x0000000642cabda8,0x000000064e900000)
 Metaspace       used 37206K, capacity 37880K, committed 38272K, reserved 1081344K
  class space    used 5160K, capacity 5395K, committed 5504K, reserved 1048576K
GC Heap History (10 events):
Event: 1.916 GC heap before
{Heap before GC invocations=3 (full 1):
 PSYoungGen      total 114688K, used 10323K [0x0000000740900000, 0x000000074e900000, 0x00000007c0000000)
  eden space 98304K, 0% used [0x0000000740900000,0x0000000740900000,0x0000000746900000)
  from space 16384K, 63% used [0x0000000747900000,0x0000000748314ee8,0x0000000748900000)
  to   space 16384K, 0% used [0x0000000746900000,0x0000000746900000,0x0000000747900000)
 ParOldGen       total 262144K, used 24K [0x0000000641a00000, 0x0000000651a00000, 0x0000000740900000)
  object space 262144K, 0% used [0x0000000641a00000,0x0000000641a06000,0x0000000651a00000)
 Metaspace       used 20929K, capacity 21162K, committed 21296K, reserved 1067008K
  class space    used 2871K, capacity 2934K, committed 2944K, reserved 1048576K
Event: 1.943 GC heap after
Heap after GC invocations=3 (full 1):
 PSYoungGen      total 114688K, used 0K [0x0000000740900000, 0x000000074e900000, 0x00000007c0000000)
  eden space 98304K, 0% used [0x0000000740900000,0x0000000740900000,0x0000000746900000)
  from space 16384K, 0% used [0x0000000747900000,0x0000000747900000,0x0000000748900000)
  to   space 16384K, 0% used [0x0000000746900000,0x0000000746900000,0x0000000747900000)
 ParOldGen       total 152576K, used 10040K [0x0000000641a00000, 0x000000064af00000, 0x0000000740900000)
  object space 152576K, 6% used [0x0000000641a00000,0x00000006423ce1d0,0x000000064af00000)
 Metaspace       used 20929K, capacity 21162K, committed 21296K, reserved 1067008K
  class space    used 2871K, capacity 2934K, committed 2944K, reserved 1048576K
}
Event: 3.008 GC heap before
{Heap before GC invocations=4 (full 1):
 PSYoungGen      total 114688K, used 98304K [0x0000000740900000, 0x000000074e900000, 0x00000007c0000000)
  eden space 98304K, 100% used [0x0000000740900000,0x0000000746900000,0x0000000746900000)
  from space 16384K, 0% used [0x0000000747900000,0x0000000747900000,0x0000000748900000)
  to   space 16384K, 0% used [0x0000000746900000,0x0000000746900000,0x0000000747900000)
 ParOldGen       total 152576K, used 10040K [0x0000000641a00000, 0x000000064af00000, 0x0000000740900000)
  object space 152576K, 6% used [0x0000000641a00000,0x00000006423ce1d0,0x000000064af00000)
 Metaspace       used 27244K, capacity 27706K, committed 28032K, reserved 1073152K
  class space    used 3768K, capacity 3896K, committed 3968K, reserved 1048576K
Event: 3.016 GC heap after
Heap after GC invocations=4 (full 1):
 PSYoungGen      total 114688K, used 8440K [0x0000000740900000, 0x000000074b900000, 0x00000007c0000000)
  eden space 98304K, 0% used [0x0000000740900000,0x0000000740900000,0x0000000746900000)
  from space 16384K, 51% used [0x0000000746900000,0x000000074713e3f8,0x0000000747900000)
  to   space 16384K, 0% used [0x000000074a900000,0x000000074a900000,0x000000074b900000)
 ParOldGen       total 152576K, used 10112K [0x0000000641a00000, 0x000000064af00000, 0x0000000740900000)
  object space 152576K, 6% used [0x0000000641a00000,0x00000006423e01e0,0x000000064af00000)
 Metaspace       used 27244K, capacity 27706K, committed 28032K, reserved 1073152K
  class space    used 3768K, capacity 3896K, committed 3968K, reserved 1048576K
}
Event: 3.781 GC heap before
{Heap before GC invocations=5 (full 1):
 PSYoungGen      total 114688K, used 106744K [0x0000000740900000, 0x000000074b900000, 0x00000007c0000000)
  eden space 98304K, 100% used [0x0000000740900000,0x0000000746900000,0x0000000746900000)
  from space 16384K, 51% used [0x0000000746900000,0x000000074713e3f8,0x0000000747900000)
  to   space 16384K, 0% used [0x000000074a900000,0x000000074a900000,0x000000074b900000)
 ParOldGen       total 152576K, used 10112K [0x0000000641a00000, 0x000000064af00000, 0x0000000740900000)
  object space 152576K, 6% used [0x0000000641a00000,0x00000006423e01e0,0x000000064af00000)
 Metaspace       used 34301K, capacity 34756K, committed 35072K, reserved 1079296K
  class space    used 4681K, capacity 4814K, committed 4864K, reserved 1048576K
Event: 3.796 GC heap after
Heap after GC invocations=5 (full 1):
 PSYoungGen      total 163840K, used 13981K [0x0000000740900000, 0x000000074bb00000, 0x00000007c0000000)
  eden space 147456K, 0% used [0x0000000740900000,0x0000000740900000,0x0000000749900000)
  from space 16384K, 85% used [0x000000074a900000,0x000000074b6a76b8,0x000000074b900000)
  to   space 16384K, 0% used [0x0000000749900000,0x0000000749900000,0x000000074a900000)
 ParOldGen       total 152576K, used 10120K [0x0000000641a00000, 0x000000064af00000, 0x0000000740900000)
  object space 152576K, 6% used [0x0000000641a00000,0x00000006423e21e0,0x000000064af00000)
 Metaspace       used 34301K, capacity 34756K, committed 35072K, reserved 1079296K
  class space    used 4681K, capacity 4814K, committed 4864K, reserved 1048576K
}
Event: 3.906 GC heap before
{Heap before GC invocations=6 (full 1):
 PSYoungGen      total 163840K, used 37474K [0x0000000740900000, 0x000000074bb00000, 0x00000007c0000000)
  eden space 147456K, 15% used [0x0000000740900000,0x0000000741ff1208,0x0000000749900000)
  from space 16384K, 85% used [0x000000074a900000,0x000000074b6a76b8,0x000000074b900000)
  to   space 16384K, 0% used [0x0000000749900000,0x0000000749900000,0x000000074a900000)
 ParOldGen       total 152576K, used 10120K [0x0000000641a00000, 0x000000064af00000, 0x0000000740900000)
  object space 152576K, 6% used [0x0000000641a00000,0x00000006423e21e0,0x000000064af00000)
 Metaspace       used 34576K, capacity 35158K, committed 35456K, reserved 1079296K
  class space    used 4728K, capacity 4928K, committed 4992K, reserved 1048576K
Event: 3.917 GC heap after
Heap after GC invocations=6 (full 1):
 PSYoungGen      total 163840K, used 11846K [0x0000000740900000, 0x0000000751e00000, 0x00000007c0000000)
  eden space 147456K, 0% used [0x0000000740900000,0x0000000740900000,0x0000000749900000)
  from space 16384K, 72% used [0x0000000749900000,0x000000074a491aa8,0x000000074a900000)
  to   space 16384K, 0% used [0x0000000750e00000,0x0000000750e00000,0x0000000751e00000)
 ParOldGen       total 152576K, used 10128K [0x0000000641a00000, 0x000000064af00000, 0x0000000740900000)
  object space 152576K, 6% used [0x0000000641a00000,0x00000006423e41e0,0x000000064af00000)
 Metaspace       used 34576K, capacity 35158K, committed 35456K, reserved 1079296K
  class space    used 4728K, capacity 4928K, committed 4992K, reserved 1048576K
}
Event: 3.917 GC heap before
{Heap before GC invocations=7 (full 2):
 PSYoungGen      total 163840K, used 11846K [0x0000000740900000, 0x0000000751e00000, 0x00000007c0000000)
  eden space 147456K, 0% used [0x0000000740900000,0x0000000740900000,0x0000000749900000)
  from space 16384K, 72% used [0x0000000749900000,0x000000074a491aa8,0x000000074a900000)
  to   space 16384K, 0% used [0x0000000750e00000,0x0000000750e00000,0x0000000751e00000)
 ParOldGen       total 152576K, used 10128K [0x0000000641a00000, 0x000000064af00000, 0x0000000740900000)
  object space 152576K, 6% used [0x0000000641a00000,0x00000006423e41e0,0x000000064af00000)
 Metaspace       used 34576K, capacity 35158K, committed 35456K, reserved 1079296K
  class space    used 4728K, capacity 4928K, committed 4992K, reserved 1048576K
Event: 3.961 GC heap after
Heap after GC invocations=7 (full 2):
 PSYoungGen      total 163840K, used 0K [0x0000000740900000, 0x0000000751e00000, 0x00000007c0000000)
  eden space 147456K, 0% used [0x0000000740900000,0x0000000740900000,0x0000000749900000)
  from space 16384K, 0% used [0x0000000749900000,0x0000000749900000,0x000000074a900000)
  to   space 16384K, 0% used [0x0000000750e00000,0x0000000750e00000,0x0000000751e00000)
 ParOldGen       total 211968K, used 19119K [0x0000000641a00000, 0x000000064e900000, 0x0000000740900000)
  object space 211968K, 9% used [0x0000000641a00000,0x0000000642cabda8,0x000000064e900000)
 Metaspace       used 34576K, capacity 35158K, committed 35456K, reserved 1079296K
  class space    used 4728K, capacity 4928K, committed 4992K, reserved 1048576K
}

