# JRE version: Java(TM) SE Runtime Environment (8.0_144-b01) (build 1.8.0_144-b01)
# Java VM: Java HotSpot(TM) 64-Bit Server VM (25.144-b01 mixed mode windows-amd64 compressed oops)
Heap:
 PSYoungGen      total 158720K, used 29582K [0x0000000740900000, 0x0000000751580000, 0x00000007c0000000)
  eden space 142336K, 20% used [0x0000000740900000,0x00000007425e3bb0,0x0000000749400000)
  from space 16384K, 0% used [0x0000000749400000,0x0000000749400000,0x000000074a400000)
  to   space 16384K, 0% used [0x0000000750580000,0x0000000750580000,0x0000000751580000)
 ParOldGen       total 157696K, used 18614K [0x0000000641a00000, 0x000000064b400000, 0x0000000740900000)
  object space 157696K, 11% used [0x0000000641a00000,0x0000000642c2d910,0x000000064b400000)
 Metaspace       used 38698K, capacity 39372K, committed 39680K, reserved 1083392K
  class space    used 5351K, capacity 5591K, committed 5632K, reserved 1048576K
GC Heap History (10 events):
Event: 1.942 GC heap before
{Heap before GC invocations=3 (full 1):
 PSYoungGen      total 114688K, used 10354K [0x0000000740900000, 0x0000000748900000, 0x00000007c0000000)
  eden space 98304K, 0% used [0x0000000740900000,0x0000000740900000,0x0000000746900000)
  from space 16384K, 63% used [0x0000000747900000,0x000000074831c910,0x0000000748900000)
  to   space 16384K, 0% used [0x0000000746900000,0x0000000746900000,0x0000000747900000)
 ParOldGen       total 262144K, used 24K [0x0000000641a00000, 0x0000000651a00000, 0x0000000740900000)
  object space 262144K, 0% used [0x0000000641a00000,0x0000000641a06000,0x0000000651a00000)
 Metaspace       used 20929K, capacity 21158K, committed 21296K, reserved 1067008K
  class space    used 2871K, capacity 2934K, committed 2944K, reserved 1048576K
Event: 1.975 GC heap after
Heap after GC invocations=3 (full 1):
 PSYoungGen      total 114688K, used 0K [0x0000000740900000, 0x0000000748900000, 0x00000007c0000000)
  eden space 98304K, 0% used [0x0000000740900000,0x0000000740900000,0x0000000746900000)
  from space 16384K, 0% used [0x0000000747900000,0x0000000747900000,0x0000000748900000)
  to   space 16384K, 0% used [0x0000000746900000,0x0000000746900000,0x0000000747900000)
 ParOldGen       total 157696K, used 10007K [0x0000000641a00000, 0x000000064b400000, 0x0000000740900000)
  object space 157696K, 6% used [0x0000000641a00000,0x00000006423c5c10,0x000000064b400000)
 Metaspace       used 20929K, capacity 21158K, committed 21296K, reserved 1067008K
  class space    used 2871K, capacity 2934K, committed 2944K, reserved 1048576K
}
Event: 3.082 GC heap before
{Heap before GC invocations=4 (full 1):
 PSYoungGen      total 114688K, used 98304K [0x0000000740900000, 0x0000000748900000, 0x00000007c0000000)
  eden space 98304K, 100% used [0x0000000740900000,0x0000000746900000,0x0000000746900000)
  from space 16384K, 0% used [0x0000000747900000,0x0000000747900000,0x0000000748900000)
  to   space 16384K, 0% used [0x0000000746900000,0x0000000746900000,0x0000000747900000)
 ParOldGen       total 157696K, used 10007K [0x0000000641a00000, 0x000000064b400000, 0x0000000740900000)
  object space 157696K, 6% used [0x0000000641a00000,0x00000006423c5c10,0x000000064b400000)
 Metaspace       used 27261K, capacity 27702K, committed 28032K, reserved 1073152K
  class space    used 3768K, capacity 3896K, committed 3968K, reserved 1048576K
Event: 3.089 GC heap after
Heap after GC invocations=4 (full 1):
 PSYoungGen      total 114688K, used 8695K [0x0000000740900000, 0x000000074b400000, 0x00000007c0000000)
  eden space 98304K, 0% used [0x0000000740900000,0x0000000740900000,0x0000000746900000)
  from space 16384K, 53% used [0x0000000746900000,0x000000074717de68,0x0000000747900000)
  to   space 16384K, 0% used [0x000000074a400000,0x000000074a400000,0x000000074b400000)
 ParOldGen       total 157696K, used 10015K [0x0000000641a00000, 0x000000064b400000, 0x0000000740900000)
  object space 157696K, 6% used [0x0000000641a00000,0x00000006423c7c10,0x000000064b400000)
 Metaspace       used 27261K, capacity 27702K, committed 28032K, reserved 1073152K
  class space    used 3768K, capacity 3896K, committed 3968K, reserved 1048576K
}
Event: 3.957 GC heap before
{Heap before GC invocations=5 (full 1):
 PSYoungGen      total 114688K, used 106999K [0x0000000740900000, 0x000000074b400000, 0x00000007c0000000)
  eden space 98304K, 100% used [0x0000000740900000,0x0000000746900000,0x0000000746900000)
  from space 16384K, 53% used [0x0000000746900000,0x000000074717de68,0x0000000747900000)
  to   space 16384K, 0% used [0x000000074a400000,0x000000074a400000,0x000000074b400000)
 ParOldGen       total 157696K, used 10015K [0x0000000641a00000, 0x000000064b400000, 0x0000000740900000)
  object space 157696K, 6% used [0x0000000641a00000,0x00000006423c7c10,0x000000064b400000)
 Metaspace       used 34383K, capacity 34904K, committed 35328K, reserved 1079296K
  class space    used 4688K, capacity 4822K, committed 4864K, reserved 1048576K
Event: 3.971 GC heap after
Heap after GC invocations=5 (full 1):
 PSYoungGen      total 158720K, used 14547K [0x0000000740900000, 0x000000074b500000, 0x00000007c0000000)
  eden space 142336K, 0% used [0x0000000740900000,0x0000000740900000,0x0000000749400000)
  from space 16384K, 88% used [0x000000074a400000,0x000000074b234d70,0x000000074b400000)
  to   space 16384K, 0% used [0x0000000749400000,0x0000000749400000,0x000000074a400000)
 ParOldGen       total 157696K, used 10023K [0x0000000641a00000, 0x000000064b400000, 0x0000000740900000)
  object space 157696K, 6% used [0x0000000641a00000,0x00000006423c9c10,0x000000064b400000)
 Metaspace       used 34383K, capacity 34904K, committed 35328K, reserved 1079296K
  class space    used 4688K, capacity 4822K, committed 4864K, reserved 1048576K
}
Event: 4.047 GC heap before
{Heap before GC invocations=6 (full 1):
 PSYoungGen      total 158720K, used 28575K [0x0000000740900000, 0x000000074b500000, 0x00000007c0000000)
  eden space 142336K, 9% used [0x0000000740900000,0x00000007416b31c8,0x0000000749400000)
  from space 16384K, 88% used [0x000000074a400000,0x000000074b234d70,0x000000074b400000)
  to   space 16384K, 0% used [0x0000000749400000,0x0000000749400000,0x000000074a400000)
 ParOldGen       total 157696K, used 10023K [0x0000000641a00000, 0x000000064b400000, 0x0000000740900000)
  object space 157696K, 6% used [0x0000000641a00000,0x00000006423c9c10,0x000000064b400000)
 Metaspace       used 34575K, capacity 35154K, committed 35456K, reserved 1079296K
  class space    used 4721K, capacity 4928K, committed 4992K, reserved 1048576K
Event: 4.057 GC heap after
Heap after GC invocations=6 (full 1):
 PSYoungGen      total 158720K, used 11379K [0x0000000740900000, 0x0000000751580000, 0x00000007c0000000)
  eden space 142336K, 0% used [0x0000000740900000,0x0000000740900000,0x0000000749400000)
  from space 16384K, 69% used [0x0000000749400000,0x0000000749f1ce18,0x000000074a400000)
  to   space 16384K, 0% used [0x0000000750580000,0x0000000750580000,0x0000000751580000)
 ParOldGen       total 157696K, used 10095K [0x0000000641a00000, 0x000000064b400000, 0x0000000740900000)
  object space 157696K, 6% used [0x0000000641a00000,0x00000006423dbc20,0x000000064b400000)
 Metaspace       used 34575K, capacity 35154K, committed 35456K, reserved 1079296K
  class space    used 4721K, capacity 4928K, committed 4992K, reserved 1048576K
}
Event: 4.057 GC heap before
{Heap before GC invocations=7 (full 2):
 PSYoungGen      total 158720K, used 11379K [0x0000000740900000, 0x0000000751580000, 0x00000007c0000000)
  eden space 142336K, 0% used [0x0000000740900000,0x0000000740900000,0x0000000749400000)
  from space 16384K, 69% used [0x0000000749400000,0x0000000749f1ce18,0x000000074a400000)
  to   space 16384K, 0% used [0x0000000750580000,0x0000000750580000,0x0000000751580000)
 ParOldGen       total 157696K, used 10095K [0x0000000641a00000, 0x000000064b400000, 0x0000000740900000)
  object space 157696K, 6% used [0x0000000641a00000,0x00000006423dbc20,0x000000064b400000)
 Metaspace       used 34575K, capacity 35154K, committed 35456K, reserved 1079296K
  class space    used 4721K, capacity 4928K, committed 4992K, reserved 1048576K
Event: 4.100 GC heap after
Heap after GC invocations=7 (full 2):
 PSYoungGen      total 158720K, used 0K [0x0000000740900000, 0x0000000751580000, 0x00000007c0000000)
  eden space 142336K, 0% used [0x0000000740900000,0x0000000740900000,0x0000000749400000)
  from space 16384K, 0% used [0x0000000749400000,0x0000000749400000,0x000000074a400000)
  to   space 16384K, 0% used [0x0000000750580000,0x0000000750580000,0x0000000751580000)
 ParOldGen       total 157696K, used 18614K [0x0000000641a00000, 0x000000064b400000, 0x0000000740900000)
  object space 157696K, 11% used [0x0000000641a00000,0x0000000642c2d910,0x000000064b400000)
 Metaspace       used 34575K, capacity 35154K, committed 35456K, reserved 1079296K
  class space    used 4721K, capacity 4928K, committed 4992K, reserved 1048576K
}

