# JRE version: Java(TM) SE Runtime Environment (8.0_144-b01) (build 1.8.0_144-b01)
# Java VM: Java HotSpot(TM) 64-Bit Server VM (25.144-b01 mixed mode windows-amd64 compressed oops)
Heap:
 PSYoungGen      total 312320K, used 160972K [0x0000000740900000, 0x0000000755e00000, 0x00000007c0000000)
  eden space 295936K, 54% used [0x0000000740900000,0x000000074a6333a8,0x0000000752a00000)
  from space 16384K, 0% used [0x0000000753a00000,0x0000000753a00000,0x0000000754a00000)
  to   space 16384K, 0% used [0x0000000752a00000,0x0000000752a00000,0x0000000753a00000)
 ParOldGen       total 152064K, used 18770K [0x0000000641a00000, 0x000000064ae80000, 0x0000000740900000)
  object space 152064K, 12% used [0x0000000641a00000,0x0000000642c54a90,0x000000064ae80000)
 Metaspace       used 44441K, capacity 45468K, committed 45568K, reserved 1089536K
  class space    used 6106K, capacity 6379K, committed 6400K, reserved 1048576K
GC Heap History (10 events):
Event: 2.195 GC heap before
{Heap before GC invocations=2 (full 0):
 PSYoungGen      total 114688K, used 57356K [0x0000000740900000, 0x000000074e900000, 0x00000007c0000000)
  eden space 98304K, 43% used [0x0000000740900000,0x0000000743302cd8,0x0000000746900000)
  from space 16384K, 87% used [0x0000000746900000,0x00000007477006e0,0x0000000747900000)
  to   space 16384K, 0% used [0x000000074d900000,0x000000074d900000,0x000000074e900000)
 ParOldGen       total 262144K, used 16K [0x0000000641a00000, 0x0000000651a00000, 0x0000000740900000)
  object space 262144K, 0% used [0x0000000641a00000,0x0000000641a04000,0x0000000651a00000)
 Metaspace       used 20928K, capacity 21162K, committed 21296K, reserved 1067008K
  class space    used 2871K, capacity 2934K, committed 2944K, reserved 1048576K
Event: 2.213 GC heap after
Heap after GC invocations=2 (full 0):
 PSYoungGen      total 212992K, used 10219K [0x0000000740900000, 0x000000074e900000, 0x00000007c0000000)
  eden space 196608K, 0% used [0x0000000740900000,0x0000000740900000,0x000000074c900000)
  from space 16384K, 62% used [0x000000074d900000,0x000000074e2fad60,0x000000074e900000)
  to   space 16384K, 0% used [0x000000074c900000,0x000000074c900000,0x000000074d900000)
 ParOldGen       total 262144K, used 24K [0x0000000641a00000, 0x0000000651a00000, 0x0000000740900000)
  object space 262144K, 0% used [0x0000000641a00000,0x0000000641a06000,0x0000000651a00000)
 Metaspace       used 20928K, capacity 21162K, committed 21296K, reserved 1067008K
  class space    used 2871K, capacity 2934K, committed 2944K, reserved 1048576K
}
Event: 2.213 GC heap before
{Heap before GC invocations=3 (full 1):
 PSYoungGen      total 212992K, used 10219K [0x0000000740900000, 0x000000074e900000, 0x00000007c0000000)
  eden space 196608K, 0% used [0x0000000740900000,0x0000000740900000,0x000000074c900000)
  from space 16384K, 62% used [0x000000074d900000,0x000000074e2fad60,0x000000074e900000)
  to   space 16384K, 0% used [0x000000074c900000,0x000000074c900000,0x000000074d900000)
 ParOldGen       total 262144K, used 24K [0x0000000641a00000, 0x0000000651a00000, 0x0000000740900000)
  object space 262144K, 0% used [0x0000000641a00000,0x0000000641a06000,0x0000000651a00000)
 Metaspace       used 20928K, capacity 21162K, committed 21296K, reserved 1067008K
  class space    used 2871K, capacity 2934K, committed 2944K, reserved 1048576K
Event: 2.249 GC heap after
Heap after GC invocations=3 (full 1):
 PSYoungGen      total 212992K, used 0K [0x0000000740900000, 0x000000074e900000, 0x00000007c0000000)
  eden space 196608K, 0% used [0x0000000740900000,0x0000000740900000,0x000000074c900000)
  from space 16384K, 0% used [0x000000074d900000,0x000000074d900000,0x000000074e900000)
  to   space 16384K, 0% used [0x000000074c900000,0x000000074c900000,0x000000074d900000)
 ParOldGen       total 152064K, used 10006K [0x0000000641a00000, 0x000000064ae80000, 0x0000000740900000)
  object space 152064K, 6% used [0x0000000641a00000,0x00000006423c5808,0x000000064ae80000)
 Metaspace       used 20928K, capacity 21162K, committed 21296K, reserved 1067008K
  class space    used 2871K, capacity 2934K, committed 2944K, reserved 1048576K
}
Event: 4.893 GC heap before
{Heap before GC invocations=4 (full 1):
 PSYoungGen      total 212992K, used 196608K [0x0000000740900000, 0x000000074e900000, 0x00000007c0000000)
  eden space 196608K, 100% used [0x0000000740900000,0x000000074c900000,0x000000074c900000)
  from space 16384K, 0% used [0x000000074d900000,0x000000074d900000,0x000000074e900000)
  to   space 16384K, 0% used [0x000000074c900000,0x000000074c900000,0x000000074d900000)
 ParOldGen       total 152064K, used 10006K [0x0000000641a00000, 0x000000064ae80000, 0x0000000740900000)
  object space 152064K, 6% used [0x0000000641a00000,0x00000006423c5808,0x000000064ae80000)
 Metaspace       used 34066K, capacity 34624K, committed 35072K, reserved 1079296K
  class space    used 4641K, capacity 4771K, committed 4864K, reserved 1048576K
Event: 4.915 GC heap after
Heap after GC invocations=4 (full 1):
 PSYoungGen      total 212992K, used 16375K [0x0000000740900000, 0x0000000754a00000, 0x00000007c0000000)
  eden space 196608K, 0% used [0x0000000740900000,0x0000000740900000,0x000000074c900000)
  from space 16384K, 99% used [0x000000074c900000,0x000000074d8fdcc8,0x000000074d900000)
  to   space 16384K, 0% used [0x0000000753a00000,0x0000000753a00000,0x0000000754a00000)
 ParOldGen       total 152064K, used 11912K [0x0000000641a00000, 0x000000064ae80000, 0x0000000740900000)
  object space 152064K, 7% used [0x0000000641a00000,0x00000006425a2130,0x000000064ae80000)
 Metaspace       used 34066K, capacity 34624K, committed 35072K, reserved 1079296K
  class space    used 4641K, capacity 4771K, committed 4864K, reserved 1048576K
}
Event: 5.209 GC heap before
{Heap before GC invocations=5 (full 1):
 PSYoungGen      total 212992K, used 40538K [0x0000000740900000, 0x0000000754a00000, 0x00000007c0000000)
  eden space 196608K, 12% used [0x0000000740900000,0x0000000742098eb0,0x000000074c900000)
  from space 16384K, 99% used [0x000000074c900000,0x000000074d8fdcc8,0x000000074d900000)
  to   space 16384K, 0% used [0x0000000753a00000,0x0000000753a00000,0x0000000754a00000)
 ParOldGen       total 152064K, used 11912K [0x0000000641a00000, 0x000000064ae80000, 0x0000000740900000)
  object space 152064K, 7% used [0x0000000641a00000,0x00000006425a2130,0x000000064ae80000)
 Metaspace       used 34567K, capacity 35158K, committed 35456K, reserved 1079296K
  class space    used 4722K, capacity 4928K, committed 4992K, reserved 1048576K
Event: 5.225 GC heap after
Heap after GC invocations=5 (full 1):
 PSYoungGen      total 312320K, used 11569K [0x0000000740900000, 0x0000000755e00000, 0x00000007c0000000)
  eden space 295936K, 0% used [0x0000000740900000,0x0000000740900000,0x0000000752a00000)
  from space 16384K, 70% used [0x0000000753a00000,0x000000075454c550,0x0000000754a00000)
  to   space 16384K, 0% used [0x0000000752a00000,0x0000000752a00000,0x0000000753a00000)
 ParOldGen       total 152064K, used 11920K [0x0000000641a00000, 0x000000064ae80000, 0x0000000740900000)
  object space 152064K, 7% used [0x0000000641a00000,0x00000006425a4130,0x000000064ae80000)
 Metaspace       used 34567K, capacity 35158K, committed 35456K, reserved 1079296K
  class space    used 4722K, capacity 4928K, committed 4992K, reserved 1048576K
}
Event: 5.225 GC heap before
{Heap before GC invocations=6 (full 2):
 PSYoungGen      total 312320K, used 11569K [0x0000000740900000, 0x0000000755e00000, 0x00000007c0000000)
  eden space 295936K, 0% used [0x0000000740900000,0x0000000740900000,0x0000000752a00000)
  from space 16384K, 70% used [0x0000000753a00000,0x000000075454c550,0x0000000754a00000)
  to   space 16384K, 0% used [0x0000000752a00000,0x0000000752a00000,0x0000000753a00000)
 ParOldGen       total 152064K, used 11920K [0x0000000641a00000, 0x000000064ae80000, 0x0000000740900000)
  object space 152064K, 7% used [0x0000000641a00000,0x00000006425a4130,0x000000064ae80000)
 Metaspace       used 34567K, capacity 35158K, committed 35456K, reserved 1079296K
  class space    used 4722K, capacity 4928K, committed 4992K, reserved 1048576K
Event: 5.284 GC heap after
Heap after GC invocations=6 (full 2):
 PSYoungGen      total 312320K, used 0K [0x0000000740900000, 0x0000000755e00000, 0x00000007c0000000)
  eden space 295936K, 0% used [0x0000000740900000,0x0000000740900000,0x0000000752a00000)
  from space 16384K, 0% used [0x0000000753a00000,0x0000000753a00000,0x0000000754a00000)
  to   space 16384K, 0% used [0x0000000752a00000,0x0000000752a00000,0x0000000753a00000)
 ParOldGen       total 152064K, used 18770K [0x0000000641a00000, 0x000000064ae80000, 0x0000000740900000)
  object space 152064K, 12% used [0x0000000641a00000,0x0000000642c54a90,0x000000064ae80000)
 Metaspace       used 34567K, capacity 35158K, committed 35456K, reserved 1079296K
  class space    used 4722K, capacity 4928K, committed 4992K, reserved 1048576K
}

